C:\USERS\ADMINISTRATOR\DESKTOP\FACEPROJECT-MASTER\FACEPROJECT-MASTER\FACEPROJECT\DEBUG\CASMUTIL.OBJ
C:\USERS\ADMINISTRATOR\DESKTOP\FACEPROJECT-MASTER\FACEPROJECT-MASTER\FACEPROJECT\DEBUG\VC110.PDB
C:\USERS\ADMINISTRATOR\DESKTOP\FACEPROJECT-MASTER\FACEPROJECT-MASTER\FACEPROJECT\DEBUG\MAIN.OBJ
C:\USERS\ADMINISTRATOR\DESKTOP\FACEPROJECT-MASTER\FACEPROJECT-MASTER\FACEPROJECT\DEBUG\CDXUTIL.OBJ
C:\USERS\ADMINISTRATOR\DESKTOP\FACEPROJECT-MASTER\FACEPROJECT-MASTER\DEBUG\FACEPROJECT.ILK
C:\USERS\ADMINISTRATOR\DESKTOP\FACEPROJECT-MASTER\FACEPROJECT-MASTER\DEBUG\FACEPROJECT.EXE
C:\USERS\ADMINISTRATOR\DESKTOP\FACEPROJECT-MASTER\FACEPROJECT-MASTER\DEBUG\FACEPROJECT.PDB
C:\Users\Administrator\Desktop\faceProject-master\faceProject-master\faceProject\Debug\CAsmUtil.obj
C:\Users\Administrator\Desktop\faceProject-master\faceProject-master\faceProject\Debug\CDxUtil.obj
C:\Users\Administrator\Desktop\faceProject-master\faceProject-master\faceProject\Debug\main.obj
C:\Users\Administrator\Desktop\faceProject-master\faceProject-master\faceProject\Debug\cl.command.1.tlog
C:\Users\Administrator\Desktop\faceProject-master\faceProject-master\faceProject\Debug\CL.read.1.tlog
C:\Users\Administrator\Desktop\faceProject-master\faceProject-master\faceProject\Debug\CL.write.1.tlog
C:\Users\Administrator\Desktop\faceProject-master\faceProject-master\faceProject\Debug\link-cvtres.read.1.tlog
C:\Users\Administrator\Desktop\faceProject-master\faceProject-master\faceProject\Debug\link-cvtres.write.1.tlog
C:\Users\Administrator\Desktop\faceProject-master\faceProject-master\faceProject\Debug\link-rc.read.1.tlog
C:\Users\Administrator\Desktop\faceProject-master\faceProject-master\faceProject\Debug\link-rc.write.1.tlog
C:\Users\Administrator\Desktop\faceProject-master\faceProject-master\faceProject\Debug\link.5912-cvtres.read.1.tlog
C:\Users\Administrator\Desktop\faceProject-master\faceProject-master\faceProject\Debug\link.5912-cvtres.write.1.tlog
C:\Users\Administrator\Desktop\faceProject-master\faceProject-master\faceProject\Debug\link.5912-rc.read.1.tlog
C:\Users\Administrator\Desktop\faceProject-master\faceProject-master\faceProject\Debug\link.5912-rc.write.1.tlog
C:\Users\Administrator\Desktop\faceProject-master\faceProject-master\faceProject\Debug\link.5912.read.1.tlog
C:\Users\Administrator\Desktop\faceProject-master\faceProject-master\faceProject\Debug\link.5912.write.1.tlog
C:\Users\Administrator\Desktop\faceProject-master\faceProject-master\faceProject\Debug\link.command.1.tlog
C:\Users\Administrator\Desktop\faceProject-master\faceProject-master\faceProject\Debug\link.read.1.tlog
C:\Users\Administrator\Desktop\faceProject-master\faceProject-master\faceProject\Debug\link.write.1.tlog
C:\Users\Administrator\Desktop\faceProject-master\faceProject-master\faceProject\Debug\vc110.idb
C:\Users\Administrator\Desktop\faceProject-master\faceProject-master\faceProject\Debug\vc110.pdb
C:\Users\Administrator\Desktop\faceProject-master\faceProject-master\Debug\faceProject.pdb
C:\Users\Administrator\Desktop\faceProject-master\faceProject-master\Debug\faceProject.exe
C:\Users\Administrator\Desktop\faceProject-master\faceProject-master\Debug\faceProject.ilk
