生成启动时间为 2016-06-13 19:31:45。
     1>项目“C:\Users\Administrator\Desktop\faceProject-master\faceProject-master\faceProject\faceProject.vcxproj”在节点 2 上(Build 个目标)。
     1>ClCompile:
         D:\ProgramFiles\Microsoft Visual Studio 11.0\VC\bin\CL.exe /c /ZI /nologo /W3 /WX- /sdl /Od /Oy- /D _CRT_SECURE_NO_WARNINGS /D _MBCS /Gm /EHsc /RTC1 /MDd /GS /fp:precise /Zc:wchar_t /Zc:forScope /Fo"Debug\\" /Fd"Debug\vc110.pdb" /Gd /TP /analyze- /errorReport:prompt CAsmUtil.cpp CDxUtil.cpp main.cpp
         main.cpp
         CDxUtil.cpp
     1>c:\users\administrator\desktop\faceproject-master\faceproject-master\faceproject\cdxutil.cpp(182): warning C4101: “hr”: 未引用的局部变量
     1>c:\users\administrator\desktop\faceproject-master\faceproject-master\faceproject\cdxutil.cpp(243): warning C4018: “<”: 有符号/无符号不匹配
     1>c:\users\administrator\desktop\faceproject-master\faceproject-master\faceproject\cdxutil.cpp(281): warning C4244: “=”: 从“double”转换到“float”，可能丢失数据
     1>c:\users\administrator\desktop\faceproject-master\faceproject-master\faceproject\cdxutil.cpp(282): warning C4244: “=”: 从“double”转换到“float”，可能丢失数据
     1>c:\users\administrator\desktop\faceproject-master\faceproject-master\faceproject\cdxutil.cpp(309): warning C4244: “=”: 从“double”转换到“FLOAT”，可能丢失数据
     1>c:\users\administrator\desktop\faceproject-master\faceproject-master\faceproject\cdxutil.cpp(310): warning C4244: “=”: 从“double”转换到“FLOAT”，可能丢失数据
         CAsmUtil.cpp
     1>c:\users\administrator\desktop\faceproject-master\faceproject-master\faceproject\casmutil.cpp(51): warning C4244: “=”: 从“double”转换到“float”，可能丢失数据
     1>c:\users\administrator\desktop\faceproject-master\faceproject-master\faceproject\casmutil.cpp(52): warning C4244: “=”: 从“double”转换到“float”，可能丢失数据
     1>c:\users\administrator\desktop\faceproject-master\faceproject-master\faceproject\casmutil.cpp(53): warning C4244: “=”: 从“double”转换到“float”，可能丢失数据
     1>c:\users\administrator\desktop\faceproject-master\faceproject-master\faceproject\casmutil.cpp(54): warning C4244: “=”: 从“double”转换到“float”，可能丢失数据
     1>c:\users\administrator\desktop\faceproject-master\faceproject-master\faceproject\casmutil.cpp(155): warning C4244: “参数”: 从“const float”转换到“int”，可能丢失数据
         正在生成代码...
       Link:
         D:\ProgramFiles\Microsoft Visual Studio 11.0\VC\bin\link.exe /ERRORREPORT:PROMPT /OUT:"C:\Users\Administrator\Desktop\faceProject-master\faceProject-master\Debug\faceProject.exe" /INCREMENTAL /NOLOGO asmlibrary.lib odbc32.lib odbccp32.lib d3d9.lib d3dx9.lib winmm.lib dinput8.lib dxguid.lib kernel32.lib user32.lib gdi32.lib winspool.lib comdlg32.lib advapi32.lib shell32.lib ole32.lib oleaut32.lib uuid.lib odbc32.lib odbccp32.lib opencv_calib3d248d.lib opencv_contrib248d.lib opencv_core248d.lib opencv_features2d248d.lib opencv_flann248d.lib opencv_gpu248d.lib opencv_highgui248d.lib opencv_imgproc248d.lib opencv_legacy248d.lib opencv_ml248d.lib opencv_nonfree248d.lib opencv_objdetect248d.lib opencv_ocl248d.lib opencv_photo248d.lib opencv_stitching248d.lib opencv_superres248d.lib opencv_ts248d.lib opencv_video248d.lib opencv_videostab248d.lib kernel32.lib user32.lib gdi32.lib winspool.lib comdlg32.lib advapi32.lib shell32.lib ole32.lib oleaut32.lib uuid.lib odbc32.lib odbccp32.lib /MANIFEST /MANIFESTUAC:"level='asInvoker' uiAccess='false'" /manifest:embed /DEBUG /PDB:"C:\Users\Administrator\Desktop\faceProject-master\faceProject-master\Debug\faceProject.pdb" /TLBID:1 /DYNAMICBASE /NXCOMPAT /IMPLIB:"C:\Users\Administrator\Desktop\faceProject-master\faceProject-master\Debug\faceProject.lib" /MACHINE:X86 Debug\CAsmUtil.obj
         Debug\CDxUtil.obj
         Debug\main.obj
         faceProject.vcxproj -> C:\Users\Administrator\Desktop\faceProject-master\faceProject-master\Debug\faceProject.exe
     1>已完成生成项目“C:\Users\Administrator\Desktop\faceProject-master\faceProject-master\faceProject\faceProject.vcxproj”(Build 个目标)的操作。

生成成功。

已用时间 00:00:08.55
